0 info it worked if it ends with ok
1 verbose cli [ 'C:\\Program Files\\nodejs\\node.exe',
1 verbose cli   'C:\\Program Files\\nodejs\\node_modules\\npm\\bin\\npm-cli.js',
1 verbose cli   'run',
1 verbose cli   'start' ]
2 info using npm@3.10.10
3 info using node@v6.10.3
4 verbose run-script [ 'prestart', 'start', 'poststart' ]
5 info lifecycle kekapp@0.0.0~prestart: kekapp@0.0.0
6 silly lifecycle kekapp@0.0.0~prestart: no script for prestart, continuing
7 info lifecycle kekapp@0.0.0~start: kekapp@0.0.0
8 verbose lifecycle kekapp@0.0.0~start: unsafe-perm in lifecycle true
9 verbose lifecycle kekapp@0.0.0~start: PATH: C:\Program Files\nodejs\node_modules\npm\bin\node-gyp-bin;C:\projects\react\kekApp\node_modules\.bin;C:\ProgramData\Oracle\Java\javapath;C:\Program Files (x86)\NVIDIA Corporation\PhysX\Common;C:\Program Files (x86)\ImageMagick-6.8.9-Q16;C:\Program Files\Common Files\Microsoft Shared\Windows Live;C:\Program Files (x86)\Common Files\Microsoft Shared\Windows Live;C:\Program Files (x86)\Intel\iCLS Client\;C:\Program Files\Intel\iCLS Client\;C:\WINDOWS\system32;C:\WINDOWS;C:\WINDOWS\System32\Wbem;C:\WINDOWS\System32\WindowsPowerShell\v1.0\;C:\Program Files (x86)\Intel\OpenCL SDK\2.0\bin\x86;C:\Program Files (x86)\Intel\OpenCL SDK\2.0\bin\x64;C:\Program Files\Intel\Intel(R) Management Engine Components\DAL;C:\Program Files\Intel\Intel(R) Management Engine Components\IPT;C:\Program Files (x86)\Intel\Intel(R) Management Engine Components\DAL;C:\Program Files (x86)\Intel\Intel(R) Management Engine Components\IPT;C:\Program Files (x86)\WinMerge;C:\Program Files (x86)\GnuWin32\bin\;C:\Program Files (x86)\Windows Live\Shared;C:\Program Files\TortoiseHg\;C:\Python27\;C:\Program Files\Microsoft SQL Server\110\Tools\Binn\;C:\Program Files\Microsoft SQL Server\120\Tools\Binn\;C:\WINDOWS\system32\config\systemprofile\.dnx\bin;C:\Program Files\Microsoft DNX\Dnvm\;C:\Program Files (x86)\Windows Kits\8.1\Windows Performance Toolkit\;C:\Program Files\Git\cmd;C:\Program Files (x86)\Heroku\bin;C:\Program Files (x86)\git\cmd;C:\Program Files (x86)\Git\cmd;C:\Program Files\PostgreSQL\9.6\bin;C:\Users\1\AppData\Roaming\nvm;C:\Program Files\PuTTY\;C:\Program Files (x86)\PuTTY\;C:\Program Files (x86)\Skype\Phone\;C:\Program Files\OpenVPN\bin;C:\Program Files\nodejs\;C:\Ruby22-x64\bin;C:\Ruby22\bin;C:\Users\1\AppData\Local\atom\bin;C:\ProgramData\chocolatey\bin;C:\Program Files\PostgreSQL\9.6\bin;;C:\Users\1\AppData\Local\Microsoft\WindowsApps;C:\Users\1\AppData\Roaming\npm
10 verbose lifecycle kekapp@0.0.0~start: CWD: C:\projects\react\kekApp
11 silly lifecycle kekapp@0.0.0~start: Args: [ '/d /s /c',
11 silly lifecycle   'concurrently "mongod" "npm run serverstart" "npm run frontstartw"' ]
12 silly lifecycle kekapp@0.0.0~start: Returned: code: 1  signal: null
13 info lifecycle kekapp@0.0.0~start: Failed to exec start script
14 verbose stack Error: kekapp@0.0.0 start: `concurrently "mongod" "npm run serverstart" "npm run frontstartw"`
14 verbose stack Exit status 1
14 verbose stack     at EventEmitter.<anonymous> (C:\Program Files\nodejs\node_modules\npm\lib\utils\lifecycle.js:255:16)
14 verbose stack     at emitTwo (events.js:106:13)
14 verbose stack     at EventEmitter.emit (events.js:191:7)
14 verbose stack     at ChildProcess.<anonymous> (C:\Program Files\nodejs\node_modules\npm\lib\utils\spawn.js:40:14)
14 verbose stack     at emitTwo (events.js:106:13)
14 verbose stack     at ChildProcess.emit (events.js:191:7)
14 verbose stack     at maybeClose (internal/child_process.js:886:16)
14 verbose stack     at Process.ChildProcess._handle.onexit (internal/child_process.js:226:5)
15 verbose pkgid kekapp@0.0.0
16 verbose cwd C:\projects\react\kekApp
17 error Windows_NT 10.0.14393
18 error argv "C:\\Program Files\\nodejs\\node.exe" "C:\\Program Files\\nodejs\\node_modules\\npm\\bin\\npm-cli.js" "run" "start"
19 error node v6.10.3
20 error npm  v3.10.10
21 error code ELIFECYCLE
22 error kekapp@0.0.0 start: `concurrently "mongod" "npm run serverstart" "npm run frontstartw"`
22 error Exit status 1
23 error Failed at the kekapp@0.0.0 start script 'concurrently "mongod" "npm run serverstart" "npm run frontstartw"'.
23 error Make sure you have the latest version of node.js and npm installed.
23 error If you do, this is most likely a problem with the kekapp package,
23 error not with npm itself.
23 error Tell the author that this fails on your system:
23 error     concurrently "mongod" "npm run serverstart" "npm run frontstartw"
23 error You can get information on how to open an issue for this project with:
23 error     npm bugs kekapp
23 error Or if that isn't available, you can get their info via:
23 error     npm owner ls kekapp
23 error There is likely additional logging output above.
24 verbose exit [ 1, true ]
