0 info it worked if it ends with ok
1 verbose cli [ '/usr/local/bin/node', '/usr/local/bin/npm', 'start' ]
2 info using npm@3.10.10
3 info using node@v6.9.4
4 verbose run-script [ 'prestart', 'start', 'poststart' ]
5 info lifecycle react-redux-webpack2-boilerplate@0.1.4~prestart: react-redux-webpack2-boilerplate@0.1.4
6 silly lifecycle react-redux-webpack2-boilerplate@0.1.4~prestart: no script for prestart, continuing
7 info lifecycle react-redux-webpack2-boilerplate@0.1.4~start: react-redux-webpack2-boilerplate@0.1.4
8 verbose lifecycle react-redux-webpack2-boilerplate@0.1.4~start: unsafe-perm in lifecycle true
9 verbose lifecycle react-redux-webpack2-boilerplate@0.1.4~start: PATH: /usr/local/lib/node_modules/npm/bin/node-gyp-bin:/home/rita/projects/node-react/frontend/node_modules/.bin:/home/rita/bin:/home/rita/.local/bin:/usr/local/sbin:/usr/local/bin:/usr/sbin:/usr/bin:/sbin:/bin:/usr/games:/usr/local/games:/snap/bin
10 verbose lifecycle react-redux-webpack2-boilerplate@0.1.4~start: CWD: /home/rita/projects/node-react/frontend
11 silly lifecycle react-redux-webpack2-boilerplate@0.1.4~start: Args: [ '-c',
11 silly lifecycle   'webpack-dashboard -t \'React-Redux Boilerplate\' -- webpack-dev-server --watch-poll --colors --no-info' ]
12 silly lifecycle react-redux-webpack2-boilerplate@0.1.4~start: Returned: code: 1  signal: null
13 info lifecycle react-redux-webpack2-boilerplate@0.1.4~start: Failed to exec start script
14 verbose stack Error: react-redux-webpack2-boilerplate@0.1.4 start: `webpack-dashboard -t 'React-Redux Boilerplate' -- webpack-dev-server --watch-poll --colors --no-info`
14 verbose stack Exit status 1
14 verbose stack     at EventEmitter.<anonymous> (/usr/local/lib/node_modules/npm/lib/utils/lifecycle.js:255:16)
14 verbose stack     at emitTwo (events.js:106:13)
14 verbose stack     at EventEmitter.emit (events.js:191:7)
14 verbose stack     at ChildProcess.<anonymous> (/usr/local/lib/node_modules/npm/lib/utils/spawn.js:40:14)
14 verbose stack     at emitTwo (events.js:106:13)
14 verbose stack     at ChildProcess.emit (events.js:191:7)
14 verbose stack     at maybeClose (internal/child_process.js:877:16)
14 verbose stack     at Process.ChildProcess._handle.onexit (internal/child_process.js:226:5)
15 verbose pkgid react-redux-webpack2-boilerplate@0.1.4
16 verbose cwd /home/rita/projects/node-react/frontend/src
17 error Linux 4.4.0-75-generic
18 error argv "/usr/local/bin/node" "/usr/local/bin/npm" "start"
19 error node v6.9.4
20 error npm  v3.10.10
21 error code ELIFECYCLE
22 error react-redux-webpack2-boilerplate@0.1.4 start: `webpack-dashboard -t 'React-Redux Boilerplate' -- webpack-dev-server --watch-poll --colors --no-info`
22 error Exit status 1
23 error Failed at the react-redux-webpack2-boilerplate@0.1.4 start script 'webpack-dashboard -t 'React-Redux Boilerplate' -- webpack-dev-server --watch-poll --colors --no-info'.
23 error Make sure you have the latest version of node.js and npm installed.
23 error If you do, this is most likely a problem with the react-redux-webpack2-boilerplate package,
23 error not with npm itself.
23 error Tell the author that this fails on your system:
23 error     webpack-dashboard -t 'React-Redux Boilerplate' -- webpack-dev-server --watch-poll --colors --no-info
23 error You can get information on how to open an issue for this project with:
23 error     npm bugs react-redux-webpack2-boilerplate
23 error Or if that isn't available, you can get their info via:
23 error     npm owner ls react-redux-webpack2-boilerplate
23 error There is likely additional logging output above.
24 verbose exit [ 1, true ]
